#
# A fatal error has been detected by the Java Runtime Environment:
#
#  EXCEPTION_ACCESS_VIOLATION (0xc0000005) at pc=0x00007ffdf85863b7, pid=17592, tid=16856
#
# JRE version: OpenJDK Runtime Environment (19.0.2+7) (build 19.0.2+7-44)
# Java VM: OpenJDK 64-Bit Server VM (19.0.2+7-44, mixed mode, sharing, tiered, compressed oops, compressed class ptrs, g1 gc, windows-amd64)
# Problematic frame:
# C  [glass.dll+0x263b7]
#
# No core dump will be written. Minidumps are not enabled by default on client versions of Windows
#
# If you would like to submit a bug report, please visit:
#   https://bugreport.java.com/bugreport/crash.jsp
#

---------------  S U M M A R Y ------------

Command Line: -javaagent:C:\Program Files\JetBrains\IntelliJ IDEA Community Edition 2022.2.1\lib\idea_rt.jar=55981:C:\Program Files\JetBrains\IntelliJ IDEA Community Edition 2022.2.1\bin -Dfile.encoding=UTF-8 -Dsun.stdout.encoding=UTF-8 -Dsun.stderr.encoding=UTF-8 --module-path=C:\Users\Вячеслав\.m2\repository\org\openjfx\javafx-fxml\19-ea+7\javafx-fxml-19-ea+7-win.jar;C:\Users\Вячеслав\demo1\target\classes;C:\Users\Вячеслав\.m2\repository\org\openjfx\javafx-base\19-ea+7\javafx-base-19-ea+7-win.jar;C:\Users\Вячеслав\Desktop\mysql-connector-j-8.0.32\mysql-connector-j-8.0.32.jar;C:\Users\Вячеслав\.m2\repository\org\openjfx\javafx-graphics\19-ea+7\javafx-graphics-19-ea+7-win.jar;C:\Users\Вячеслав\.m2\repository\org\openjfx\javafx-controls\19-ea+7\javafx-controls-19-ea+7-win.jar -Djdk.module.main=com.example.demo1 com.example.demo1/com.example.demo1.HelloApplication

Host: Intel(R) Core(TM) i5-8250U CPU @ 1.60GHz, 8 cores, 7G,  Windows 10 , 64 bit Build 19041 (10.0.19041.2364)
Time: Wed Feb  1 14:39:14 2023 RTZ 2 (s 10 , 64 bit Build 19041 (10.0.19041.2364) elapsed time: 178.048619 seconds (0d 0h 2m 58s)

---------------  T H R E A D  ---------------

Current thread (0x0000021b7a1ec330):  VMThread "VM Thread" [stack: 0x000000d105e00000,0x000000d105f00000] [id=16856]

Stack: [0x000000d105e00000,0x000000d105f00000],  sp=0x000000d105eff410,  free space=1021k
Native frames: (J=compiled Java code, j=interpreted, Vv=VM code, C=native code)
C  [glass.dll+0x263b7]


siginfo: EXCEPTION_ACCESS_VIOLATION (0xc0000005), reading address 0x0000000000000000


Registers:
RAX=0x0000000000000000, RBX=0x0000021b7a1f2168, RCX=0x0000021b7a1ec330, RDX=0x000000d105eff410
RSP=0x000000d105eff410, RBP=0x0000021b7ecfbd28, RSI=0x0000021b7ecfbd00, RDI=0x000055ddcf633630
R8 =0x0000000000010002, R9 =0x000055ddcf633630, R10=0x0000000000008000, R11=0x000000d105eff3a0
R12=0x00007ffdf8583cf0, R13=0x00007ffda99572a0, R14=0x000000d105eff508, R15=0x0000021b7ecfbd00
RIP=0x00007ffdf85863b7, EFLAGS=0x0000000000010202


Register to memory mapping:

RIP=0x00007ffdf85863b7 glass.dll
RAX=0x0 is NULL
RBX=0x0000021b7a1f2168 is a global jni handle
RCX=0x0000021b7a1ec330 points into unknown readable memory: 0x00007ffda97645b8 | b8 45 76 a9 fd 7f 00 00
RDX=0x000000d105eff410 points into unknown readable memory: 0x0000000000000000 | 00 00 00 00 00 00 00 00
RSP=0x000000d105eff410 points into unknown readable memory: 0x0000000000000000 | 00 00 00 00 00 00 00 00
RBP=0x0000021b7ecfbd28 points into unknown readable memory: 0x000055ddcf633630 | 30 36 63 cf dd 55 00 00
RSI=0x0000021b7ecfbd00 points into unknown readable memory: 0x380855ddb09ece68 | 68 ce 9e b0 dd 55 08 38
RDI=0x000055ddcf633630 is an unknown value
R8 =0x0000000000010002 is an unknown value
R9 =0x000055ddcf633630 is an unknown value
R10=0x0000000000008000 is an unknown value
R11=0x000000d105eff3a0 points into unknown readable memory: 0x0000021b7ecfbd00 | 00 bd cf 7e 1b 02 00 00
R12=0x00007ffdf8583cf0 glass.dll
R13=0x00007ffda99572a0 jvm.dll
R14=0x000000d105eff508 points into unknown readable memory: 0x000000d105eff4f0 | f0 f4 ef 05 d1 00 00 00
R15=0x0000021b7ecfbd00 points into unknown readable memory: 0x380855ddb09ece68 | 68 ce 9e b0 dd 55 08 38


Top of Stack: (sp=0x000000d105eff410)
0x000000d105eff410:   0000000000000000 0000021b7ecfbd00
0x000000d105eff420:   00007ffda99572a0 00007ffdf8583cf0
0x000000d105eff430:   0000021b7ecfbd08 00007ffe224642d6
0x000000d105eff440:   000055ddcf633630 0000021b00000000
0x000000d105eff450:   0000021b7ecfbd28 0000021b7ecfbd00
0x000000d105eff460:   fffffffffffffffe 0000000000000000
0x000000d105eff470:   0000000000000001 00007ffdf8560000
0x000000d105eff480:   000000d105eff4f8 00007ffe224641fb
0x000000d105eff490:   0000000000000000 000000d105eff508
0x000000d105eff4a0:   000000d105eff7d0 00007ffe22540e40
0x000000d105eff4b0:   0000000000000001 00007ffe224641b4
0x000000d105eff4c0:   0000000000000000 0000000000000001
0x000000d105eff4d0:   00007ffe21ce6790 000000d105eff4f8
0x000000d105eff4e0:   000000000000000d 00007ffdf8583b7d
0x000000d105eff4f0:   00007ffdf8599f88 00007ffe00000002
0x000000d105eff500:   0000000000000002 000000d105eff4f0 

Instructions: (pc=0x00007ffdf85863b7)
0x00007ffdf85862b7:   8b 4d 58 e8 7d cf ff ff 48 8b 4d 60 e8 74 cf ff
0x00007ffdf85862c7:   ff 48 8b 95 80 00 00 00 48 8b 8d 18 01 00 00 e8
0x00007ffdf85862d7:   66 c4 ff ff 33 d2 33 c9 e8 bc e1 ff ff 90 48 89
0x00007ffdf85862e7:   54 24 10 55 48 83 ec 20 48 8b ea 48 b8 00 00 00
0x00007ffdf85862f7:   00 00 00 00 00 48 83 c4 20 5d c3 cc 40 55 48 8b
0x00007ffdf8586307:   ea 48 8b 01 33 c9 81 38 05 00 00 c0 0f 94 c1 8b
0x00007ffdf8586317:   c1 5d c3 cc 40 55 48 83 ec 20 48 8b ea 8a 4d 40
0x00007ffdf8586327:   48 83 c4 20 5d e9 63 d3 ff ff cc 40 55 48 83 ec
0x00007ffdf8586337:   20 48 8b ea 8a 4d 20 e8 51 d3 ff ff 90 48 83 c4
0x00007ffdf8586347:   20 5d c3 cc 40 55 48 83 ec 20 48 8b ea 48 83 c4
0x00007ffdf8586357:   20 5d e9 b2 d1 ff ff cc 40 55 48 83 ec 30 48 8b
0x00007ffdf8586367:   ea 48 8b 01 8b 10 48 89 4c 24 28 89 54 24 20 4c
0x00007ffdf8586377:   8d 0d 53 d6 ff ff 4c 8b 45 70 8b 55 68 48 8b 4d
0x00007ffdf8586387:   60 e8 f3 d0 ff ff 90 48 83 c4 30 5d c3 cc cc cc
0x00007ffdf8586397:   cc cc cc cc cc cc cc cc cc 40 53 48 83 ec 20 48
0x00007ffdf85863a7:   8b 1d db 35 01 00 48 85 db 74 16 e8 79 8b ff ff
0x00007ffdf85863b7:   4c 8b 00 48 8b d3 48 8b c8 41 ff 90 b0 00 00 00
0x00007ffdf85863c7:   90 48 83 c4 20 5b c3 cc cc 40 53 48 83 ec 20 48
0x00007ffdf85863d7:   8b 1d 4b 37 01 00 48 85 db 74 57 b8 ff ff ff ff
0x00007ffdf85863e7:   f0 0f c1 43 10 83 f8 01 75 3d 48 85 db 74 38 48
0x00007ffdf85863f7:   8b 0b 48 85 c9 74 0d ff 15 a4 0e 00 00 48 c7 03
0x00007ffdf8586407:   00 00 00 00 48 8b 4b 08 48 85 c9 74 0d e8 23 ce
0x00007ffdf8586417:   ff ff 48 c7 43 08 00 00 00 00 ba 18 00 00 00 48
0x00007ffdf8586427:   8b cb e8 0e ce ff ff 48 c7 05 ef 36 01 00 00 00
0x00007ffdf8586437:   00 00 48 83 c4 20 5b c3 cc 40 53 48 83 ec 20 48
0x00007ffdf8586447:   8b 1d bb 36 01 00 48 85 db 74 57 b8 ff ff ff ff
0x00007ffdf8586457:   f0 0f c1 43 10 83 f8 01 75 3d 48 85 db 74 38 48
0x00007ffdf8586467:   8b 0b 48 85 c9 74 0d ff 15 34 0e 00 00 48 c7 03
0x00007ffdf8586477:   00 00 00 00 48 8b 4b 08 48 85 c9 74 0d e8 b3 cd
0x00007ffdf8586487:   ff ff 48 c7 43 08 00 00 00 00 ba 18 00 00 00 48
0x00007ffdf8586497:   8b cb e8 9e cd ff ff 48 c7 05 5f 36 01 00 00 00
0x00007ffdf85864a7:   00 00 48 83 c4 20 5b c3 cc 40 53 48 83 ec 20 48 


Stack slot to memory mapping:
stack at sp + 0 slots: 0x0 is NULL
stack at sp + 1 slots: 0x0000021b7ecfbd00 points into unknown readable memory: 0x380855ddb09ece68 | 68 ce 9e b0 dd 55 08 38
stack at sp + 2 slots: 0x00007ffda99572a0 jvm.dll
stack at sp + 3 slots: 0x00007ffdf8583cf0 glass.dll
stack at sp + 4 slots: 0x0000021b7ecfbd08 points into unknown readable memory: 0x000055ddcf633630 | 30 36 63 cf dd 55 00 00
stack at sp + 5 slots: 0x00007ffe224642d6 ucrtbase.dll
stack at sp + 6 slots: 0x000055ddcf633630 is an unknown value
stack at sp + 7 slots: 0x0000021b00000000 points into unknown readable memory: 0x0000000000000008 | 08 00 00 00 00 00 00 00

VM_Operation (0x000000d1055ff4b0): Exit, mode: safepoint, requested by thread 0x0000021b131e8f00


---------------  P R O C E S S  ---------------

Threads class SMR info:
_java_thread_list=0x0000021b13c108f0, length=21, elements={
0x0000021b6a9e0010, 0x0000021b7a202b30, 0x0000021b7a203920, 0x0000021b7a20d8b0,
0x0000021b7a20e1e0, 0x0000021b7a20eb10, 0x0000021b7a2160c0, 0x0000021b7a220e50,
0x0000021b7a2237d0, 0x0000021b7e4b0b70, 0x0000021b7e785600, 0x0000021b7e785b40,
0x0000021b7ecc6800, 0x0000021b7ed53c60, 0x0000021b7ed8b080, 0x0000021b7ef84740,
0x0000021b7ef4aa20, 0x0000021b131e89b0, 0x0000021b131e99a0, 0x0000021b131e7f10,
0x0000021b131e8f00
}

Java Threads: ( => current thread )
  0x0000021b6a9e0010 JavaThread "main" [_thread_blocked, id=10784, stack(0x000000d105800000,0x000000d105900000)]
  0x0000021b7a202b30 JavaThread "Reference Handler" daemon [_thread_blocked, id=9600, stack(0x000000d105f00000,0x000000d106000000)]
  0x0000021b7a203920 JavaThread "Finalizer" daemon [_thread_blocked, id=4228, stack(0x000000d106000000,0x000000d106100000)]
  0x0000021b7a20d8b0 JavaThread "Attach Listener" daemon [_thread_blocked, id=11704, stack(0x000000d106200000,0x000000d106300000)]
  0x0000021b7a20e1e0 JavaThread "Service Thread" daemon [_thread_blocked, id=12736, stack(0x000000d106300000,0x000000d106400000)]
  0x0000021b7a20eb10 JavaThread "Monitor Deflation Thread" daemon [_thread_blocked, id=11088, stack(0x000000d106400000,0x000000d106500000)]
  0x0000021b7a2160c0 JavaThread "C2 CompilerThread0" daemon [_thread_blocked, id=172, stack(0x000000d106500000,0x000000d106600000)]
  0x0000021b7a220e50 JavaThread "C1 CompilerThread0" daemon [_thread_blocked, id=17524, stack(0x000000d106600000,0x000000d106700000)]
  0x0000021b7a2237d0 JavaThread "Sweeper thread" daemon [_thread_blocked, id=432, stack(0x000000d106700000,0x000000d106800000)]
  0x0000021b7e4b0b70 JavaThread "Common-Cleaner" daemon [_thread_blocked, id=1796, stack(0x000000d106800000,0x000000d106900000)]
  0x0000021b7e785600 JavaThread "Monitor Ctrl-Break" daemon [_thread_in_native, id=10520, stack(0x000000d106b00000,0x000000d106c00000)]
  0x0000021b7e785b40 JavaThread "Notification Thread" daemon [_thread_blocked, id=18848, stack(0x000000d106c00000,0x000000d106d00000)]
  0x0000021b7ecc6800 JavaThread "QuantumRenderer-0" daemon [_thread_blocked, id=11592, stack(0x000000d106900000,0x000000d106a00000)]
  0x0000021b7ed53c60 JavaThread "InvokeLaterDispatcher" daemon [_thread_blocked, id=5808, stack(0x000000d106a00000,0x000000d106b00000)]
  0x0000021b7ed8b080 JavaThread "JavaFX Application Thread" [_thread_in_native, id=15088, stack(0x000000d106e00000,0x000000d106f00000)]
  0x0000021b7ef84740 JavaThread "Thread-1" daemon [_thread_in_native, id=8872, stack(0x000000d107200000,0x000000d107300000)]
  0x0000021b7ef4aa20 JavaThread "JavaFX-Launcher" [_thread_blocked, id=5212, stack(0x000000d107300000,0x000000d107400000)]
  0x0000021b131e89b0 JavaThread "Prism Font Disposer" daemon [_thread_blocked, id=18844, stack(0x000000d107900000,0x000000d107a00000)]
  0x0000021b131e99a0 JavaThread "Cleaner-0" daemon [_thread_blocked, id=11328, stack(0x000000d107f00000,0x000000d108000000)]
  0x0000021b131e7f10 JavaThread "mysql-cj-abandoned-connection-cleanup" daemon [_thread_blocked, id=17924, stack(0x000000d107a00000,0x000000d107b00000)]
  0x0000021b131e8f00 JavaThread "SIGINT handler" daemon [_thread_blocked, id=16472, stack(0x000000d105500000,0x000000d105600000)]

Other Threads:
=>0x0000021b7a1ec330 VMThread "VM Thread" [stack: 0x000000d105e00000,0x000000d105f00000] [id=16856]
  0x0000021b6aa3e640 WorkerThread "GC Thread#0" [stack: 0x000000d105900000,0x000000d105a00000] [id=15352]
  0x0000021b7ef69350 WorkerThread "GC Thread#1" [stack: 0x000000d107400000,0x000000d107500000] [id=1424]
  0x0000021b7ef69620 WorkerThread "GC Thread#2" [stack: 0x000000d107500000,0x000000d107600000] [id=5192]
  0x0000021b7ef698f0 WorkerThread "GC Thread#3" [stack: 0x000000d107600000,0x000000d107700000] [id=18332]
  0x0000021b7ef68ae0 WorkerThread "GC Thread#4" [stack: 0x000000d107700000,0x000000d107800000] [id=5912]
  0x0000021b7ef69080 WorkerThread "GC Thread#5" [stack: 0x000000d107800000,0x000000d107900000] [id=17276]
  0x0000021b7ef69e90 WorkerThread "GC Thread#6" [stack: 0x000000d108000000,0x000000d108100000] [id=7860]
  0x0000021b7ef68270 WorkerThread "GC Thread#7" [stack: 0x000000d108100000,0x000000d108200000] [id=1440]
  0x0000021b6aa4f400 ConcurrentGCThread "G1 Main Marker" terminated
  0x0000021b6aa50770 WorkerThread "G1 Conc#0" [stack: 0x000000d105b00000,0x000000d105c00000] [id=15612]
  0x0000021b7e819a50 WorkerThread "G1 Conc#1" [stack: 0x000000d107e00000,0x000000d107f00000] [id=13156]
  0x0000021b7a0a33f0 ConcurrentGCThread "G1 Refine#0" terminated
  0x0000021b7a0a3e40 ConcurrentGCThread "G1 Service" terminated

Threads with active compile tasks:

VM state: at safepoint (shutting down)

VM Mutex/Monitor currently owned by a thread:  ([mutex/lock_event])
[0x0000021b6a9db750] Threads_lock - owner thread: 0x0000021b7a1ec330
[0x0000021b6a9dc5f0] Heap_lock - owner thread: 0x0000021b131e8f00

Heap address: 0x0000000081a00000, size: 2022 MB, Compressed Oops mode: 32-bit

CDS archive(s) mapped at: [0x0000000800000000-0x0000000800c40000-0x0000000800c40000), size 12845056, SharedBaseAddress: 0x0000000800000000, ArchiveRelocationMode: 0.
Compressed class space mapped at: 0x0000000801000000-0x0000000841000000, reserved size: 1073741824
Narrow klass base: 0x0000000800000000, Narrow klass shift: 0, Narrow klass range: 0x100000000

GC Precious Log:
 CardTable entry size: 512
 Card Set container configuration: InlinePtr #cards 5 size 8 Array Of Cards #cards 12 size 40 Howl #buckets 4 coarsen threshold 1843 Howl Bitmap #cards 512 size 80 coarsen threshold 460 Card regions per heap region 1 cards per card region 2048
 CPUs: 8 total, 8 available
 Memory: 8083M
 Large Page Support: Disabled
 NUMA Support: Disabled
 Compressed Oops: Enabled (32-bit)
 Heap Region Size: 1M
 Heap Min Capacity: 8M
 Heap Initial Capacity: 128M
 Heap Max Capacity: 2022M
 Pre-touch: Disabled
 Parallel Workers: 8
 Concurrent Workers: 2
 Concurrent Refinement Workers: 8
 Periodic GC: Disabled

Heap:
 garbage-first heap   total 51200K, used 18158K [0x0000000081a00000, 0x0000000100000000)
  region size 1024K, 15 young (15360K), 9 survivors (9216K)
 Metaspace       used 23895K, committed 24256K, reserved 1114112K
  class space    used 2979K, committed 3136K, reserved 1048576K

Heap Regions: E=young(eden), S=young(survivor), O=old, HS=humongous(starts), HC=humongous(continues), CS=collection set, F=free, OA=open archive, CA=closed archive, TAMS=top-at-mark-start (previous, next)
|   0|0x0000000081a00000, 0x0000000081b00000, 0x0000000081b00000|100%| O|  |TAMS 0x0000000081b00000, 0x0000000081a00000| Untracked 
|   1|0x0000000081b00000, 0x0000000081c00000, 0x0000000081c00000|100%| O|  |TAMS 0x0000000081c00000, 0x0000000081b00000| Untracked 
|   2|0x0000000081c00000, 0x0000000081c7ec00, 0x0000000081d00000| 49%| O|  |TAMS 0x0000000081c7ec00, 0x0000000081c00000| Complete 
|   3|0x0000000081d00000, 0x0000000081e00000, 0x0000000081e00000|100%|HS|  |TAMS 0x0000000081e00000, 0x0000000081d00000| Complete 
|   4|0x0000000081e00000, 0x0000000081f00000, 0x0000000081f00000|100%|HC|  |TAMS 0x0000000081f00000, 0x0000000081e00000| Complete 
|   5|0x0000000081f00000, 0x0000000081f00000, 0x0000000082000000|  0%| F|  |TAMS 0x0000000081f00000, 0x0000000081f00000| Untracked 
|   6|0x0000000082000000, 0x0000000082000000, 0x0000000082100000|  0%| F|  |TAMS 0x0000000082000000, 0x0000000082000000| Untracked 
|   7|0x0000000082100000, 0x0000000082100000, 0x0000000082200000|  0%| F|  |TAMS 0x0000000082100000, 0x0000000082100000| Untracked 
|   8|0x0000000082200000, 0x0000000082200000, 0x0000000082300000|  0%| F|  |TAMS 0x0000000082200000, 0x0000000082200000| Untracked 
|   9|0x0000000082300000, 0x0000000082300000, 0x0000000082400000|  0%| F|  |TAMS 0x0000000082300000, 0x0000000082300000| Untracked 
|  10|0x0000000082400000, 0x0000000082400000, 0x0000000082500000|  0%| F|  |TAMS 0x0000000082400000, 0x0000000082400000| Untracked 
|  11|0x0000000082500000, 0x0000000082500000, 0x0000000082600000|  0%| F|  |TAMS 0x0000000082500000, 0x0000000082500000| Untracked 
|  12|0x0000000082600000, 0x0000000082600000, 0x0000000082700000|  0%| F|  |TAMS 0x0000000082600000, 0x0000000082600000| Untracked 
|  13|0x0000000082700000, 0x0000000082700000, 0x0000000082800000|  0%| F|  |TAMS 0x0000000082700000, 0x0000000082700000| Untracked 
|  14|0x0000000082800000, 0x0000000082800000, 0x0000000082900000|  0%| F|  |TAMS 0x0000000082800000, 0x0000000082800000| Untracked 
|  15|0x0000000082900000, 0x0000000082900000, 0x0000000082a00000|  0%| F|  |TAMS 0x0000000082900000, 0x0000000082900000| Untracked 
|  16|0x0000000082a00000, 0x0000000082a00000, 0x0000000082b00000|  0%| F|  |TAMS 0x0000000082a00000, 0x0000000082a00000| Untracked 
|  17|0x0000000082b00000, 0x0000000082b00000, 0x0000000082c00000|  0%| F|  |TAMS 0x0000000082b00000, 0x0000000082b00000| Untracked 
|  18|0x0000000082c00000, 0x0000000082c00000, 0x0000000082d00000|  0%| F|  |TAMS 0x0000000082c00000, 0x0000000082c00000| Untracked 
|  19|0x0000000082d00000, 0x0000000082d00000, 0x0000000082e00000|  0%| F|  |TAMS 0x0000000082d00000, 0x0000000082d00000| Untracked 
|  20|0x0000000082e00000, 0x0000000082e00000, 0x0000000082f00000|  0%| F|  |TAMS 0x0000000082e00000, 0x0000000082e00000| Untracked 
|  21|0x0000000082f00000, 0x0000000082f00000, 0x0000000083000000|  0%| F|  |TAMS 0x0000000082f00000, 0x0000000082f00000| Untracked 
|  22|0x0000000083000000, 0x0000000083000000, 0x0000000083100000|  0%| F|  |TAMS 0x0000000083000000, 0x0000000083000000| Untracked 
|  23|0x0000000083100000, 0x0000000083100000, 0x0000000083200000|  0%| F|  |TAMS 0x0000000083100000, 0x0000000083100000| Untracked 
|  24|0x0000000083200000, 0x0000000083200000, 0x0000000083300000|  0%| F|  |TAMS 0x0000000083200000, 0x0000000083200000| Untracked 
|  25|0x0000000083300000, 0x0000000083300000, 0x0000000083400000|  0%| F|  |TAMS 0x0000000083300000, 0x0000000083300000| Untracked 
|  26|0x0000000083400000, 0x0000000083400000, 0x0000000083500000|  0%| F|  |TAMS 0x0000000083400000, 0x0000000083400000| Untracked 
|  27|0x0000000083500000, 0x0000000083500000, 0x0000000083600000|  0%| F|  |TAMS 0x0000000083500000, 0x0000000083500000| Untracked 
|  28|0x0000000083600000, 0x0000000083600000, 0x0000000083700000|  0%| F|  |TAMS 0x0000000083600000, 0x0000000083600000| Untracked 
|  29|0x0000000083700000, 0x0000000083700000, 0x0000000083800000|  0%| F|  |TAMS 0x0000000083700000, 0x0000000083700000| Untracked 
|  30|0x0000000083800000, 0x0000000083800000, 0x0000000083900000|  0%| F|  |TAMS 0x0000000083800000, 0x0000000083800000| Untracked 
|  31|0x0000000083900000, 0x0000000083900000, 0x0000000083a00000|  0%| F|  |TAMS 0x0000000083900000, 0x0000000083900000| Untracked 
|  32|0x0000000083a00000, 0x0000000083a00000, 0x0000000083b00000|  0%| F|  |TAMS 0x0000000083a00000, 0x0000000083a00000| Untracked 
|  33|0x0000000083b00000, 0x0000000083b00000, 0x0000000083c00000|  0%| F|  |TAMS 0x0000000083b00000, 0x0000000083b00000| Untracked 
|  34|0x0000000083c00000, 0x0000000083c00000, 0x0000000083d00000|  0%| F|  |TAMS 0x0000000083c00000, 0x0000000083c00000| Untracked 
|  35|0x0000000083d00000, 0x0000000083d28d78, 0x0000000083e00000| 15%| E|  |TAMS 0x0000000083d00000, 0x0000000083d00000| Complete 
|  36|0x0000000083e00000, 0x0000000083f00000, 0x0000000083f00000|100%| E|CS|TAMS 0x0000000083e00000, 0x0000000083e00000| Complete 
|  37|0x0000000083f00000, 0x0000000084000000, 0x0000000084000000|100%| E|CS|TAMS 0x0000000083f00000, 0x0000000083f00000| Complete 
|  38|0x0000000084000000, 0x0000000084100000, 0x0000000084100000|100%| E|CS|TAMS 0x0000000084000000, 0x0000000084000000| Complete 
|  39|0x0000000084100000, 0x0000000084200000, 0x0000000084200000|100%| E|CS|TAMS 0x0000000084100000, 0x0000000084100000| Complete 
|  99|0x0000000087d00000, 0x0000000087d3ccb0, 0x0000000087e00000| 23%| S|CS|TAMS 0x0000000087d00000, 0x0000000087d00000| Complete 
| 100|0x0000000087e00000, 0x0000000087f00000, 0x0000000087f00000|100%| S|CS|TAMS 0x0000000087e00000, 0x0000000087e00000| Complete 
| 101|0x0000000087f00000, 0x0000000088000000, 0x0000000088000000|100%| S|CS|TAMS 0x0000000087f00000, 0x0000000087f00000| Complete 
| 102|0x0000000088000000, 0x0000000088100000, 0x0000000088100000|100%| S|CS|TAMS 0x0000000088000000, 0x0000000088000000| Complete 
| 103|0x0000000088100000, 0x0000000088200000, 0x0000000088200000|100%| S|CS|TAMS 0x0000000088100000, 0x0000000088100000| Complete 
| 104|0x0000000088200000, 0x0000000088300000, 0x0000000088300000|100%| S|CS|TAMS 0x0000000088200000, 0x0000000088200000| Complete 
| 105|0x0000000088300000, 0x0000000088400000, 0x0000000088400000|100%| S|CS|TAMS 0x0000000088300000, 0x0000000088300000| Complete 
| 106|0x0000000088400000, 0x0000000088500000, 0x0000000088500000|100%| S|CS|TAMS 0x0000000088400000, 0x0000000088400000| Complete 
| 107|0x0000000088500000, 0x0000000088600000, 0x0000000088600000|100%| S|CS|TAMS 0x0000000088500000, 0x0000000088500000| Complete 
| 127|0x0000000089900000, 0x0000000089a00000, 0x0000000089a00000|100%| E|CS|TAMS 0x0000000089900000, 0x0000000089900000| Complete 

Card table byte_map: [0x0000021b73070000,0x0000021b73470000] _byte_map_base: 0x0000021b72c63000

Marking Bits (Prev, Next): (CMBitMap*) 0x0000021b6aa3ecb0, (CMBitMap*) 0x0000021b6aa3ec70
 Prev Bits: [0x0000021b75810000, 0x0000021b777a8000)
 Next Bits: [0x0000021b73870000, 0x0000021b75808000)

Polling page: 0x0000021b68950000

Metaspace:

Usage:
  Non-class:     20.43 MB used.
      Class:      2.91 MB used.
       Both:     23.34 MB used.

Virtual space:
  Non-class space:       64.00 MB reserved,      20.62 MB ( 32%) committed,  1 nodes.
      Class space:        1.00 GB reserved,       3.06 MB ( <1%) committed,  1 nodes.
             Both:        1.06 GB reserved,      23.69 MB (  2%) committed. 

Chunk freelists:
   Non-Class:  2.58 MB
       Class:  992.00 KB
        Both:  3.55 MB

MaxMetaspaceSize: unlimited
CompressedClassSpaceSize: 1.00 GB
Initial GC threshold: 21.00 MB
Current GC threshold: 35.25 MB
CDS: on
MetaspaceReclaimPolicy: balanced
 - commit_granule_bytes: 65536.
 - commit_granule_words: 8192.
 - virtual_space_node_default_size: 8388608.
 - enlarge_chunks_in_place: 1.
 - new_chunks_are_fully_committed: 0.
 - uncommit_free_chunks: 1.
 - use_allocation_guard: 0.


Internal statistics:

num_allocs_failed_limit: 3.
num_arena_births: 354.
num_arena_deaths: 0.
num_vsnodes_births: 2.
num_vsnodes_deaths: 0.
num_space_committed: 379.
num_space_uncommitted: 0.
num_chunks_returned_to_freelist: 3.
num_chunks_taken_from_freelist: 1006.
num_chunk_merges: 3.
num_chunk_splits: 695.
num_chunks_enlarged: 531.
num_inconsistent_stats: 0.

CodeHeap 'non-profiled nmethods': size=120000Kb used=1493Kb max_used=1493Kb free=118506Kb
 bounds [0x0000021b07ad0000, 0x0000021b07d40000, 0x0000021b0f000000]
CodeHeap 'profiled nmethods': size=120000Kb used=7922Kb max_used=7922Kb free=112077Kb
 bounds [0x0000021b00000000, 0x0000021b007c0000, 0x0000021b07530000]
CodeHeap 'non-nmethods': size=5760Kb used=1579Kb max_used=1604Kb free=4180Kb
 bounds [0x0000021b07530000, 0x0000021b077a0000, 0x0000021b07ad0000]
 total_blobs=4898 nmethods=4027 adapters=781
 compilation: enabled
              stopped_count=0, restarted_count=0
 full_count=0

Compilation events (20 events):
Event: 24.377 Thread 0x0000021b7a220e50 4018       3       com.sun.prism.d3d.D3DShader::setConstant (39 bytes)
Event: 24.378 Thread 0x0000021b7a2160c0 4019       4       com.sun.javafx.geom.transform.AffineBase::updateState2D (210 bytes)
Event: 24.378 Thread 0x0000021b7a220e50 nmethod 4018 0x0000021b007b7790 code [0x0000021b007b79e0, 0x0000021b007b8108]
Event: 24.379 Thread 0x0000021b7a2160c0 nmethod 4019 0x0000021b07c42f10 code [0x0000021b07c430e0, 0x0000021b07c432d8]
Event: 24.379 Thread 0x0000021b7a220e50 4020       3       java.util.concurrent.ThreadPoolExecutor::runStateAtLeast (11 bytes)
Event: 24.379 Thread 0x0000021b7a220e50 nmethod 4020 0x0000021b007b8410 code [0x0000021b007b85a0, 0x0000021b007b86d8]
Event: 84.752 Thread 0x0000021b7a2160c0 4021       4       com.sun.javafx.tk.quantum.QuantumToolkit::postPulse (133 bytes)
Event: 84.769 Thread 0x0000021b7a2160c0 nmethod 4021 0x0000021b07c43390 code [0x0000021b07c435a0, 0x0000021b07c44830]
Event: 86.720 Thread 0x0000021b7a2160c0 4022       4       com.sun.javafx.tk.quantum.QuantumToolkit$$Lambda$102/0x000000080103b218::run (8 bytes)
Event: 86.721 Thread 0x0000021b7a2160c0 nmethod 4022 0x0000021b07c45110 code [0x0000021b07c452a0, 0x0000021b07c45398]
Event: 118.759 Thread 0x0000021b7a220e50 4023  s!   3       jdk.internal.loader.URLClassPath::getLoader (194 bytes)
Event: 118.761 Thread 0x0000021b7a220e50 nmethod 4023 0x0000021b007b8790 code [0x0000021b007b8a80, 0x0000021b007b9cd8]
Event: 148.765 Thread 0x0000021b7a220e50 4025   !   3       jdk.internal.loader.URLClassPath$JarLoader::ensureOpen (36 bytes)
Event: 148.766 Thread 0x0000021b7a220e50 nmethod 4025 0x0000021b007ba410 code [0x0000021b007ba5e0, 0x0000021b007baab8]
Event: 148.766 Thread 0x0000021b7a220e50 4024       3       jdk.internal.module.Resources::toPackageName (39 bytes)
Event: 148.766 Thread 0x0000021b7a220e50 nmethod 4024 0x0000021b007bac90 code [0x0000021b007baec0, 0x0000021b007bb538]
Event: 158.767 Thread 0x0000021b7a220e50 4026   !   3       jdk.internal.loader.URLClassPath$JarLoader::getResource (65 bytes)
Event: 158.767 Thread 0x0000021b7a220e50 nmethod 4026 0x0000021b007bb790 code [0x0000021b007bba00, 0x0000021b007bc488]
Event: 177.661 Thread 0x0000021b7a220e50 4027       3       java.util.concurrent.ThreadPoolExecutor::isRunning (10 bytes)
Event: 177.661 Thread 0x0000021b7a220e50 nmethod 4027 0x0000021b007bc810 code [0x0000021b007bc9a0, 0x0000021b007bcad8]

GC Heap History (6 events):
Event: 0.773 GC heap before
{Heap before GC invocations=0 (full 0):
 garbage-first heap   total 131072K, used 22528K [0x0000000081a00000, 0x0000000100000000)
  region size 1024K, 23 young (23552K), 0 survivors (0K)
 Metaspace       used 5345K, committed 5568K, reserved 1114112K
  class space    used 603K, committed 704K, reserved 1048576K
}
Event: 0.777 GC heap after
{Heap after GC invocations=1 (full 0):
 garbage-first heap   total 131072K, used 2730K [0x0000000081a00000, 0x0000000100000000)
  region size 1024K, 3 young (3072K), 3 survivors (3072K)
 Metaspace       used 5345K, committed 5568K, reserved 1114112K
  class space    used 603K, committed 704K, reserved 1048576K
}
Event: 1.822 GC heap before
{Heap before GC invocations=1 (full 0):
 garbage-first heap   total 131072K, used 37546K [0x0000000081a00000, 0x0000000100000000)
  region size 1024K, 37 young (37888K), 3 survivors (3072K)
 Metaspace       used 14357K, committed 14656K, reserved 1114112K
  class space    used 2042K, committed 2176K, reserved 1048576K
}
Event: 1.834 GC heap after
{Heap after GC invocations=2 (full 0):
 garbage-first heap   total 131072K, used 7447K [0x0000000081a00000, 0x0000000100000000)
  region size 1024K, 5 young (5120K), 5 survivors (5120K)
 Metaspace       used 14357K, committed 14656K, reserved 1114112K
  class space    used 2042K, committed 2176K, reserved 1048576K
}
Event: 24.100 GC heap before
{Heap before GC invocations=2 (full 0):
 garbage-first heap   total 131072K, used 28951K [0x0000000081a00000, 0x0000000100000000)
  region size 1024K, 25 young (25600K), 5 survivors (5120K)
 Metaspace       used 21201K, committed 21504K, reserved 1114112K
  class space    used 2662K, committed 2816K, reserved 1048576K
}
Event: 24.106 GC heap after
{Heap after GC invocations=3 (full 0):
 garbage-first heap   total 131072K, used 13038K [0x0000000081a00000, 0x0000000100000000)
  region size 1024K, 9 young (9216K), 9 survivors (9216K)
 Metaspace       used 21201K, committed 21504K, reserved 1114112K
  class space    used 2662K, committed 2816K, reserved 1048576K
}

Dll operation events (20 events):
Event: 0.458 Loaded shared library C:\Users\Вячеслав\.openjfx\cache\19-ea+7\amd64\api-ms-win-crt-heap-l1-1-0.dll
Event: 0.461 Loaded shared library C:\Users\Вячеслав\.openjfx\cache\19-ea+7\amd64\api-ms-win-crt-locale-l1-1-0.dll
Event: 0.463 Loaded shared library C:\Users\Вячеслав\.openjfx\cache\19-ea+7\amd64\api-ms-win-crt-math-l1-1-0.dll
Event: 0.466 Loaded shared library C:\Users\Вячеслав\.openjfx\cache\19-ea+7\amd64\api-ms-win-crt-multibyte-l1-1-0.dll
Event: 0.470 Loaded shared library C:\Users\Вячеслав\.openjfx\cache\19-ea+7\amd64\api-ms-win-crt-private-l1-1-0.dll
Event: 0.478 Loaded shared library C:\Users\Вячеслав\.openjfx\cache\19-ea+7\amd64\api-ms-win-crt-process-l1-1-0.dll
Event: 0.487 Loaded shared library C:\Users\Вячеслав\.openjfx\cache\19-ea+7\amd64\api-ms-win-crt-runtime-l1-1-0.dll
Event: 0.495 Loaded shared library C:\Users\Вячеслав\.openjfx\cache\19-ea+7\amd64\api-ms-win-crt-stdio-l1-1-0.dll
Event: 0.504 Loaded shared library C:\Users\Вячеслав\.openjfx\cache\19-ea+7\amd64\api-ms-win-crt-string-l1-1-0.dll
Event: 0.507 Loaded shared library C:\Users\Вячеслав\.openjfx\cache\19-ea+7\amd64\api-ms-win-crt-time-l1-1-0.dll
Event: 0.510 Loaded shared library C:\Users\Вячеслав\.openjfx\cache\19-ea+7\amd64\api-ms-win-crt-utility-l1-1-0.dll
Event: 0.528 Loaded shared library C:\Users\Вячеслав\.openjfx\cache\19-ea+7\amd64\ucrtbase.dll
Event: 0.533 Loaded shared library C:\Users\Вячеслав\.openjfx\cache\19-ea+7\amd64\vcruntime140.dll
Event: 0.537 Loaded shared library C:\Users\Вячеслав\.openjfx\cache\19-ea+7\amd64\vcruntime140_1.dll
Event: 0.549 Loaded shared library C:\Users\Вячеслав\.openjfx\cache\19-ea+7\amd64\msvcp140.dll
Event: 0.592 Loaded shared library C:\Users\Вячеслав\.openjfx\cache\19-ea+7\amd64\prism_d3d.dll
Event: 0.629 Loaded shared library C:\Users\Вячеслав\.openjfx\cache\19-ea+7\amd64\glass.dll
Event: 0.763 Loaded shared library C:\Users\Вячеслав\.jdks\openjdk-19.0.2\bin\jimage.dll
Event: 1.060 Loaded shared library C:\Users\Вячеслав\.openjfx\cache\19-ea+7\amd64\javafx_font.dll
Event: 23.906 Loaded shared library C:\Users\Вячеслав\.jdks\openjdk-19.0.2\bin\sunmscapi.dll

Deoptimization events (20 events):
Event: 24.171 Thread 0x0000021b7ed8b080 Uncommon trap: trap_request=0xffffffbe fr.pc=0x0000021b07c34d58 relative=0x0000000000000498
Event: 24.171 Thread 0x0000021b7ed8b080 Uncommon trap: reason=profile_predicate action=maybe_recompile pc=0x0000021b07c34d58 method=java.util.regex.Pattern$SliceI.match(Ljava/util/regex/Matcher;ILjava/lang/CharSequence;)Z @ 18 c2
Event: 24.171 Thread 0x0000021b7ed8b080 DEOPT PACKING pc=0x0000021b07c34d58 sp=0x000000d106ef93f0
Event: 24.171 Thread 0x0000021b7ed8b080 DEOPT UNPACKING pc=0x0000021b07596da3 sp=0x000000d106ef9358 mode 2
Event: 24.217 Thread 0x0000021b7ed8b080 Uncommon trap: trap_request=0xffffffde fr.pc=0x0000021b07b43c60 relative=0x0000000000000340
Event: 24.217 Thread 0x0000021b7ed8b080 Uncommon trap: reason=class_check action=maybe_recompile pc=0x0000021b07b43c60 method=java.util.HashMap.putVal(ILjava/lang/Object;Ljava/lang/Object;ZZ)Ljava/lang/Object; @ 253 c2
Event: 24.217 Thread 0x0000021b7ed8b080 DEOPT PACKING pc=0x0000021b07b43c60 sp=0x000000d106ef9ab0
Event: 24.217 Thread 0x0000021b7ed8b080 DEOPT UNPACKING pc=0x0000021b07596da3 sp=0x000000d106ef9a50 mode 2
Event: 24.217 Thread 0x0000021b7ed8b080 Uncommon trap: trap_request=0xffffffde fr.pc=0x0000021b07b43c60 relative=0x0000000000000340
Event: 24.217 Thread 0x0000021b7ed8b080 Uncommon trap: reason=class_check action=maybe_recompile pc=0x0000021b07b43c60 method=java.util.HashMap.putVal(ILjava/lang/Object;Ljava/lang/Object;ZZ)Ljava/lang/Object; @ 253 c2
Event: 24.217 Thread 0x0000021b7ed8b080 DEOPT PACKING pc=0x0000021b07b43c60 sp=0x000000d106ef9ab0
Event: 24.217 Thread 0x0000021b7ed8b080 DEOPT UNPACKING pc=0x0000021b07596da3 sp=0x000000d106ef9a50 mode 2
Event: 24.298 Thread 0x0000021b7ed8b080 Uncommon trap: trap_request=0xffffff76 fr.pc=0x0000021b07c272f8 relative=0x0000000000000238
Event: 24.298 Thread 0x0000021b7ed8b080 Uncommon trap: reason=predicate action=maybe_recompile pc=0x0000021b07c272f8 method=java.util.regex.Pattern$BmpCharPropertyGreedy.match(Ljava/util/regex/Matcher;ILjava/lang/CharSequence;)Z @ 12 c2
Event: 24.298 Thread 0x0000021b7ed8b080 DEOPT PACKING pc=0x0000021b07c272f8 sp=0x000000d106efa710
Event: 24.298 Thread 0x0000021b7ed8b080 DEOPT UNPACKING pc=0x0000021b07596da3 sp=0x000000d106efa6a8 mode 2
Event: 24.374 Thread 0x0000021b7ed8b080 Uncommon trap: trap_request=0xffffff45 fr.pc=0x0000021b07c050fc relative=0x000000000000047c
Event: 24.374 Thread 0x0000021b7ed8b080 Uncommon trap: reason=unstable_if action=reinterpret pc=0x0000021b07c050fc method=javafx.scene.Node.updateBounds()V @ 106 c2
Event: 24.374 Thread 0x0000021b7ed8b080 DEOPT PACKING pc=0x0000021b07c050fc sp=0x000000d106ef9b90
Event: 24.374 Thread 0x0000021b7ed8b080 DEOPT UNPACKING pc=0x0000021b07596da3 sp=0x000000d106ef9b40 mode 2

Classes loaded (20 events):
Event: 24.211 Loading class javax/security/auth/callback/UnsupportedCallbackException
Event: 24.211 Loading class javax/security/auth/callback/UnsupportedCallbackException done
Event: 24.212 Loading class javax/security/auth/login/Configuration
Event: 24.212 Loading class javax/security/auth/login/Configuration done
Event: 24.212 Loading class javax/security/auth/callback/Callback
Event: 24.212 Loading class javax/security/auth/callback/Callback done
Event: 24.212 Loading class sun/invoke/util/VerifyAccess$1
Event: 24.212 Loading class sun/invoke/util/VerifyAccess$1 done
Event: 24.216 Loading class sun/security/ssl/PostHandshakeContext
Event: 24.216 Loading class sun/security/ssl/PostHandshakeContext done
Event: 24.216 Loading class sun/security/ssl/NewSessionTicket$T13NewSessionTicketMessage
Event: 24.216 Loading class sun/security/ssl/NewSessionTicket$NewSessionTicketMessage
Event: 24.216 Loading class sun/security/ssl/NewSessionTicket$NewSessionTicketMessage done
Event: 24.216 Loading class sun/security/ssl/NewSessionTicket$T13NewSessionTicketMessage done
Event: 24.239 Loading class java/util/TimerTask
Event: 24.239 Loading class java/util/TimerTask done
Event: 24.240 Loading class java/util/RegularEnumSet$EnumSetIterator
Event: 24.240 Loading class java/util/RegularEnumSet$EnumSetIterator done
Event: 177.658 Loading class jdk/internal/misc/Signal$1
Event: 177.659 Loading class jdk/internal/misc/Signal$1 done

Classes unloaded (0 events):
No events

Classes redefined (0 events):
No events

Internal exceptions (20 events):
Event: 1.573 Thread 0x0000021b7ed8b080 Exception <a 'java/lang/ClassNotFoundException'{0x0000000087e6b6e8}: com/sun/javafx/scene/control/skin/resources/controls> (0x0000000087e6b6e8) 
thrown [s\open\src\hotspot\share\prims\jni.cpp, line 536]
Event: 1.575 Thread 0x0000021b7ed8b080 Exception <a 'java/lang/ClassNotFoundException'{0x0000000087e79718}: com/sun/javafx/scene/control/skin/resources/controls_ru> (0x0000000087e79718) 
thrown [s\open\src\hotspot\share\prims\jni.cpp, line 536]
Event: 1.575 Thread 0x0000021b7ed8b080 Exception <a 'java/lang/ClassNotFoundException'{0x0000000087e7a6c0}: com/sun/javafx/scene/control/skin/resources/controls_ru_RU> (0x0000000087e7a6c0) 
thrown [s\open\src\hotspot\share\prims\jni.cpp, line 536]
Event: 1.627 Thread 0x0000021b7ed8b080 Exception <a 'java/lang/NoSuchMethodError'{0x0000000087c38488}: 'void java.lang.invoke.DirectMethodHandle$Holder.invokeSpecial(java.lang.Object, java.lang.Object, java.lang.Object, java.lang.Object, java.lang.Object, java.lang.Object)'> (0x0000000087c38488) 
thrown [s\open\src\hotspot\share\interpreter\linkResolver.cpp, line 774]
Event: 1.630 Thread 0x0000021b7ed8b080 Exception <a 'java/lang/NoSuchMethodError'{0x0000000087c59140}: 'java.lang.Object java.lang.invoke.DirectMethodHandle$Holder.invokeInterface(java.lang.Object, java.lang.Object, java.lang.Object)'> (0x0000000087c59140) 
thrown [s\open\src\hotspot\share\interpreter\linkResolver.cpp, line 774]
Event: 1.631 Thread 0x0000021b7ed8b080 Exception <a 'java/lang/IncompatibleClassChangeError'{0x0000000087c5cad0}: Found class java.lang.Object, but interface was expected> (0x0000000087c5cad0) 
thrown [s\open\src\hotspot\share\interpreter\linkResolver.cpp, line 841]
Event: 1.672 Thread 0x0000021b7ed8b080 Exception <a 'java/lang/NoSuchMethodError'{0x0000000087916918}: 'int java.lang.invoke.DirectMethodHandle$Holder.invokeSpecial(java.lang.Object, java.lang.Object, int)'> (0x0000000087916918) 
thrown [s\open\src\hotspot\share\interpreter\linkResolver.cpp, line 774]
Event: 1.738 Thread 0x0000021b7ed8b080 Exception <a 'java/lang/NoSuchMethodError'{0x000000008772dcd8}: 'java.lang.Object java.lang.invoke.DirectMethodHandle$Holder.newInvokeSpecial(java.lang.Object, java.lang.Object, int)'> (0x000000008772dcd8) 
thrown [s\open\src\hotspot\share\interpreter\linkResolver.cpp, line 774]
Event: 1.773 Thread 0x0000021b7ecc6800 Exception <a 'java/lang/NoSuchMethodError'{0x00000000877f7170}: 'int java.lang.invoke.DirectMethodHandle$Holder.invokeStaticInit(java.lang.Object, java.lang.Object)'> (0x00000000877f7170) 
thrown [s\open\src\hotspot\share\interpreter\linkResolver.cpp, line 774]
Event: 1.785 Thread 0x0000021b7ed8b080 Exception <a 'java/lang/NoSuchMethodError'{0x00000000876277b0}: 'long java.lang.invoke.DirectMethodHandle$Holder.invokeStatic(java.lang.Object, java.lang.Object, java.lang.Object)'> (0x00000000876277b0) 
thrown [s\open\src\hotspot\share\interpreter\linkResolver.cpp, line 774]
Event: 1.785 Thread 0x0000021b7ed8b080 Exception <a 'java/lang/NoSuchMethodError'{0x000000008762ae28}: 'long java.lang.invoke.DirectMethodHandle$Holder.invokeStaticInit(java.lang.Object, java.lang.Object, java.lang.Object)'> (0x000000008762ae28) 
thrown [s\open\src\hotspot\share\interpreter\linkResolver.cpp, line 774]
Event: 1.790 Thread 0x0000021b7ed8b080 Exception <a 'java/lang/NoSuchMethodError'{0x00000000876b57f0}: 'java.lang.Object java.lang.invoke.DirectMethodHandle$Holder.newInvokeSpecial(java.lang.Object, java.lang.Object, long)'> (0x00000000876b57f0) 
thrown [s\open\src\hotspot\share\interpreter\linkResolver.cpp, line 774]
Event: 1.790 Thread 0x0000021b7ed8b080 Exception <a 'java/lang/NoSuchMethodError'{0x00000000876b9378}: 'java.lang.Object java.lang.invoke.Invokers$Holder.linkToTargetMethod(java.lang.Object, long, java.lang.Object)'> (0x00000000876b9378) 
thrown [s\open\src\hotspot\share\interpreter\linkResolver.cpp, line 774]
Event: 23.742 Thread 0x0000021b7ed8b080 Exception <a 'sun/nio/fs/WindowsException'{0x0000000088f07560}> (0x0000000088f07560) 
thrown [s\open\src\hotspot\share\prims\jni.cpp, line 517]
Event: 23.768 Thread 0x0000021b7ed8b080 Exception <a 'java/lang/NoSuchMethodError'{0x0000000088e5a7c0}: 'java.lang.Object java.lang.invoke.DirectMethodHandle$Holder.invokeVirtual(java.lang.Object, java.lang.Object, java.lang.Object)'> (0x0000000088e5a7c0) 
thrown [s\open\src\hotspot\share\interpreter\linkResolver.cpp, line 774]
Event: 23.827 Thread 0x0000021b7ed8b080 Exception <a 'sun/nio/fs/WindowsException'{0x0000000088bb2550}> (0x0000000088bb2550) 
thrown [s\open\src\hotspot\share\prims\jni.cpp, line 517]
Event: 23.936 Thread 0x0000021b7ed8b080 Exception <a 'sun/nio/fs/WindowsException'{0x0000000088761758}> (0x0000000088761758) 
thrown [s\open\src\hotspot\share\prims\jni.cpp, line 517]
Event: 23.941 Thread 0x0000021b7ed8b080 Exception <a 'sun/nio/fs/WindowsException'{0x00000000887776f0}> (0x00000000887776f0) 
thrown [s\open\src\hotspot\share\prims\jni.cpp, line 517]
Event: 23.978 Thread 0x0000021b7ed8b080 Exception <a 'java/lang/NoSuchMethodError'{0x0000000088616d00}: 'java.lang.Object java.lang.invoke.DirectMethodHandle$Holder.invokeStaticInit(java.lang.Object, int, int, int, int)'> (0x0000000088616d00) 
thrown [s\open\src\hotspot\share\interpreter\linkResolver.cpp, line 774]
Event: 24.078 Thread 0x0000021b7ed8b080 Exception <a 'java/lang/NoSuchMethodError'{0x0000000088640be8}: 'java.lang.Object java.lang.invoke.DirectMethodHandle$Holder.invokeStaticInit(java.lang.Object, java.lang.Object, int, int, int, int)'> (0x0000000088640be8) 
thrown [s\open\src\hotspot\share\interpreter\linkResolver.cpp, line 774]

VM Operations (20 events):
Event: 23.763 Executing VM operation: HandshakeAllThreads done
Event: 23.832 Executing VM operation: HandshakeAllThreads
Event: 23.832 Executing VM operation: HandshakeAllThreads done
Event: 23.941 Executing VM operation: HandshakeAllThreads
Event: 23.941 Executing VM operation: HandshakeAllThreads done
Event: 23.964 Executing VM operation: HandshakeAllThreads
Event: 23.964 Executing VM operation: HandshakeAllThreads done
Event: 24.100 Executing VM operation: CollectForMetadataAllocation
Event: 24.106 Executing VM operation: CollectForMetadataAllocation done
Event: 24.111 Executing VM operation: G1PauseRemark
Event: 24.114 Executing VM operation: G1PauseRemark done
Event: 24.115 Executing VM operation: G1PauseCleanup
Event: 24.117 Executing VM operation: G1PauseCleanup done
Event: 24.188 Executing VM operation: HandshakeAllThreads
Event: 24.188 Executing VM operation: HandshakeAllThreads done
Event: 25.189 Executing VM operation: Cleanup
Event: 25.190 Executing VM operation: Cleanup done
Event: 34.196 Executing VM operation: Cleanup
Event: 34.196 Executing VM operation: Cleanup done
Event: 177.661 Executing VM operation: Exit

Events (20 events):
Event: 1.534 Thread 0x0000021b7ef46d40 Thread exited: 0x0000021b7ef46d40
Event: 1.645 Thread 0x0000021b131e89b0 Thread added: 0x0000021b131e89b0
Event: 1.671 Thread 0x0000021b135a4030 Thread added: 0x0000021b135a4030
Event: 1.671 Thread 0x0000021b1344f3a0 Thread added: 0x0000021b1344f3a0
Event: 1.804 Thread 0x0000021b131e99a0 Thread added: 0x0000021b131e99a0
Event: 2.272 Thread 0x0000021b1344f3a0 Thread exited: 0x0000021b1344f3a0
Event: 2.320 Thread 0x0000021b135a4030 Thread exited: 0x0000021b135a4030
Event: 23.740 Thread 0x0000021b131e7f10 Thread added: 0x0000021b131e7f10
Event: 23.891 Thread 0x0000021b138505a0 Thread added: 0x0000021b138505a0
Event: 23.917 Thread 0x0000021b13676d70 Thread added: 0x0000021b13676d70
Event: 24.091 Thread 0x0000021b13676d70 Thread exited: 0x0000021b13676d70
Event: 24.091 Thread 0x0000021b138505a0 Thread exited: 0x0000021b138505a0
Event: 24.166 Thread 0x0000021b1372d8f0 Thread added: 0x0000021b1372d8f0
Event: 29.379 Thread 0x0000021b1372d8f0 Thread exited: 0x0000021b1372d8f0
Event: 177.659 Thread 0x0000021b131e8f00 Thread added: 0x0000021b131e8f00
Event: 177.659 Thread 0x0000021b131ea990 Thread added: 0x0000021b131ea990
Event: 177.659 Thread 0x0000021b131e8460 Thread added: 0x0000021b131e8460
Event: 177.660 Thread 0x0000021b131e8460 Thread exited: 0x0000021b131e8460
Event: 177.661 Thread 0x0000021b131ea990 Thread exited: 0x0000021b131ea990
Event: 177.661 Thread 0x0000021b7a20bf70 Thread exited: 0x0000021b7a20bf70


Dynamic libraries:
0x00007ff6095d0000 - 0x00007ff6095de000 	C:\Users\Вячеслав\.jdks\openjdk-19.0.2\bin\java.exe
0x00007ffe246d0000 - 0x00007ffe248c8000 	C:\WINDOWS\SYSTEM32\ntdll.dll
0x00007ffe23b60000 - 0x00007ffe23c1f000 	C:\WINDOWS\System32\KERNEL32.DLL
0x00007ffe21e80000 - 0x00007ffe22152000 	C:\WINDOWS\System32\KERNELBASE.dll
0x00007ffe22450000 - 0x00007ffe22550000 	C:\WINDOWS\System32\ucrtbase.dll
0x00007ffdfb1f0000 - 0x00007ffdfb20b000 	C:\Users\Вячеслав\.jdks\openjdk-19.0.2\bin\VCRUNTIME140.dll
0x00007ffdfb1d0000 - 0x00007ffdfb1e7000 	C:\Users\Вячеслав\.jdks\openjdk-19.0.2\bin\jli.dll
0x00007ffe23da0000 - 0x00007ffe23f41000 	C:\WINDOWS\System32\USER32.dll
0x00007ffe0aee0000 - 0x00007ffe0b17a000 	C:\WINDOWS\WinSxS\amd64_microsoft.windows.common-controls_6595b64144ccf1df_6.0.19041.1110_none_60b5254171f9507e\COMCTL32.dll
0x00007ffe22420000 - 0x00007ffe22442000 	C:\WINDOWS\System32\win32u.dll
0x00007ffe23c80000 - 0x00007ffe23d1e000 	C:\WINDOWS\System32\msvcrt.dll
0x00007ffe23aa0000 - 0x00007ffe23acb000 	C:\WINDOWS\System32\GDI32.dll
0x00007ffe22600000 - 0x00007ffe2270f000 	C:\WINDOWS\System32\gdi32full.dll
0x00007ffe222c0000 - 0x00007ffe2235d000 	C:\WINDOWS\System32\msvcp_win.dll
0x00007ffe22e80000 - 0x00007ffe22eb2000 	C:\WINDOWS\System32\IMM32.DLL
0x00007ffe1a5b0000 - 0x00007ffe1a5bc000 	C:\Users\Вячеслав\.jdks\openjdk-19.0.2\bin\vcruntime140_1.dll
0x00007ffdf85b0000 - 0x00007ffdf863e000 	C:\Users\Вячеслав\.jdks\openjdk-19.0.2\bin\msvcp140.dll
0x00007ffda8d40000 - 0x00007ffda9a00000 	C:\Users\Вячеслав\.jdks\openjdk-19.0.2\bin\server\jvm.dll
0x00007ffe245e0000 - 0x00007ffe2468e000 	C:\WINDOWS\System32\ADVAPI32.dll
0x00007ffe240d0000 - 0x00007ffe2416c000 	C:\WINDOWS\System32\sechost.dll
0x00007ffe22ec0000 - 0x00007ffe22fe5000 	C:\WINDOWS\System32\RPCRT4.dll
0x00007ffe0f820000 - 0x00007ffe0f847000 	C:\WINDOWS\SYSTEM32\WINMM.dll
0x00007ffe13eb0000 - 0x00007ffe13eb9000 	C:\WINDOWS\SYSTEM32\WSOCK32.dll
0x00007ffe20a10000 - 0x00007ffe20a1a000 	C:\WINDOWS\SYSTEM32\VERSION.dll
0x00007ffe238f0000 - 0x00007ffe2395b000 	C:\WINDOWS\System32\WS2_32.dll
0x00007ffe1ff00000 - 0x00007ffe1ff12000 	C:\WINDOWS\SYSTEM32\kernel.appcore.dll
0x00007ffe12f60000 - 0x00007ffe12f6a000 	C:\Users\Вячеслав\.jdks\openjdk-19.0.2\bin\jimage.dll
0x00007ffe1c790000 - 0x00007ffe1c974000 	C:\WINDOWS\SYSTEM32\DBGHELP.DLL
0x00007ffe0f270000 - 0x00007ffe0f2a5000 	C:\WINDOWS\SYSTEM32\dbgcore.DLL
0x00007ffe22360000 - 0x00007ffe223e2000 	C:\WINDOWS\System32\bcryptPrimitives.dll
0x00007ffe07a50000 - 0x00007ffe07a5e000 	C:\Users\Вячеслав\.jdks\openjdk-19.0.2\bin\instrument.dll
0x00007ffdfb1a0000 - 0x00007ffdfb1c6000 	C:\Users\Вячеслав\.jdks\openjdk-19.0.2\bin\java.dll
0x00007ffdedda0000 - 0x00007ffdede77000 	C:\Users\Вячеслав\.jdks\openjdk-19.0.2\bin\jsvml.dll
0x00007ffe22710000 - 0x00007ffe22e54000 	C:\WINDOWS\System32\SHELL32.dll
0x00007ffe20170000 - 0x00007ffe20902000 	C:\WINDOWS\SYSTEM32\windows.storage.dll
0x00007ffe23460000 - 0x00007ffe237b5000 	C:\WINDOWS\System32\combase.dll
0x00007ffe21660000 - 0x00007ffe21690000 	C:\WINDOWS\SYSTEM32\Wldp.dll
0x00007ffe24520000 - 0x00007ffe245cd000 	C:\WINDOWS\System32\SHCORE.dll
0x00007ffe237c0000 - 0x00007ffe23815000 	C:\WINDOWS\System32\shlwapi.dll
0x00007ffe21d00000 - 0x00007ffe21d1f000 	C:\WINDOWS\SYSTEM32\profapi.dll
0x00007ffdfa090000 - 0x00007ffdfa0a3000 	C:\Users\Вячеслав\.jdks\openjdk-19.0.2\bin\net.dll
0x00007ffe15b40000 - 0x00007ffe15c4c000 	C:\WINDOWS\SYSTEM32\WINHTTP.dll
0x00007ffe21440000 - 0x00007ffe214aa000 	C:\WINDOWS\system32\mswsock.dll
0x00007ffdfa070000 - 0x00007ffdfa086000 	C:\Users\Вячеслав\.jdks\openjdk-19.0.2\bin\nio.dll
0x00007ffdf9590000 - 0x00007ffdf95a8000 	C:\Users\Вячеслав\.jdks\openjdk-19.0.2\bin\zip.dll
0x00007ffdf9570000 - 0x00007ffdf958a000 	C:\Program Files\JetBrains\IntelliJ IDEA Community Edition 2022.2.1\bin\breakgen64.dll
0x0000021b689c0000 - 0x0000021b689c3000 	C:\Users\Вячеслав\.openjfx\cache\19-ea+7\amd64\api-ms-win-core-console-l1-1-0.dll
0x0000021b689d0000 - 0x0000021b689d3000 	C:\Users\Вячеслав\.openjfx\cache\19-ea+7\amd64\api-ms-win-core-console-l1-2-0.dll
0x0000021b689e0000 - 0x0000021b689e3000 	C:\Users\Вячеслав\.openjfx\cache\19-ea+7\amd64\api-ms-win-core-datetime-l1-1-0.dll
0x0000021b689f0000 - 0x0000021b689f3000 	C:\Users\Вячеслав\.openjfx\cache\19-ea+7\amd64\api-ms-win-core-debug-l1-1-0.dll
0x0000021b6a980000 - 0x0000021b6a983000 	C:\Users\Вячеслав\.openjfx\cache\19-ea+7\amd64\api-ms-win-core-errorhandling-l1-1-0.dll
0x0000021b6a990000 - 0x0000021b6a994000 	C:\Users\Вячеслав\.openjfx\cache\19-ea+7\amd64\api-ms-win-core-file-l1-1-0.dll
0x0000021b6a9a0000 - 0x0000021b6a9a3000 	C:\Users\Вячеслав\.openjfx\cache\19-ea+7\amd64\api-ms-win-core-file-l1-2-0.dll
0x0000021b7a350000 - 0x0000021b7a353000 	C:\Users\Вячеслав\.openjfx\cache\19-ea+7\amd64\api-ms-win-core-file-l2-1-0.dll
0x0000021b7a360000 - 0x0000021b7a363000 	C:\Users\Вячеслав\.openjfx\cache\19-ea+7\amd64\api-ms-win-core-handle-l1-1-0.dll
0x0000021b7a370000 - 0x0000021b7a373000 	C:\Users\Вячеслав\.openjfx\cache\19-ea+7\amd64\api-ms-win-core-heap-l1-1-0.dll
0x0000021b7a380000 - 0x0000021b7a383000 	C:\Users\Вячеслав\.openjfx\cache\19-ea+7\amd64\api-ms-win-core-interlocked-l1-1-0.dll
0x0000021b7a390000 - 0x0000021b7a393000 	C:\Users\Вячеслав\.openjfx\cache\19-ea+7\amd64\api-ms-win-core-libraryloader-l1-1-0.dll
0x0000021b7a3a0000 - 0x0000021b7a3a3000 	C:\Users\Вячеслав\.openjfx\cache\19-ea+7\amd64\api-ms-win-core-localization-l1-2-0.dll
0x0000021b7a3b0000 - 0x0000021b7a3b3000 	C:\Users\Вячеслав\.openjfx\cache\19-ea+7\amd64\api-ms-win-core-memory-l1-1-0.dll
0x0000021b7a3c0000 - 0x0000021b7a3c3000 	C:\Users\Вячеслав\.openjfx\cache\19-ea+7\amd64\api-ms-win-core-namedpipe-l1-1-0.dll
0x0000021b7a3d0000 - 0x0000021b7a3d3000 	C:\Users\Вячеслав\.openjfx\cache\19-ea+7\amd64\api-ms-win-core-processenvironment-l1-1-0.dll
0x0000021b7a3e0000 - 0x0000021b7a3e3000 	C:\Users\Вячеслав\.openjfx\cache\19-ea+7\amd64\api-ms-win-core-processthreads-l1-1-0.dll
0x0000021b7a3f0000 - 0x0000021b7a3f3000 	C:\Users\Вячеслав\.openjfx\cache\19-ea+7\amd64\api-ms-win-core-processthreads-l1-1-1.dll
0x0000021b7f000000 - 0x0000021b7f003000 	C:\Users\Вячеслав\.openjfx\cache\19-ea+7\amd64\api-ms-win-core-profile-l1-1-0.dll
0x0000021b7f010000 - 0x0000021b7f013000 	C:\Users\Вячеслав\.openjfx\cache\19-ea+7\amd64\api-ms-win-core-rtlsupport-l1-1-0.dll
0x0000021b7f020000 - 0x0000021b7f023000 	C:\Users\Вячеслав\.openjfx\cache\19-ea+7\amd64\api-ms-win-core-string-l1-1-0.dll
0x0000021b7f030000 - 0x0000021b7f033000 	C:\Users\Вячеслав\.openjfx\cache\19-ea+7\amd64\api-ms-win-core-synch-l1-1-0.dll
0x0000021b7f040000 - 0x0000021b7f043000 	C:\Users\Вячеслав\.openjfx\cache\19-ea+7\amd64\api-ms-win-core-synch-l1-2-0.dll
0x0000021b7f050000 - 0x0000021b7f053000 	C:\Users\Вячеслав\.openjfx\cache\19-ea+7\amd64\api-ms-win-core-sysinfo-l1-1-0.dll
0x0000021b7f060000 - 0x0000021b7f063000 	C:\Users\Вячеслав\.openjfx\cache\19-ea+7\amd64\api-ms-win-core-timezone-l1-1-0.dll
0x0000021b7f070000 - 0x0000021b7f073000 	C:\Users\Вячеслав\.openjfx\cache\19-ea+7\amd64\api-ms-win-core-util-l1-1-0.dll
0x0000021b7f080000 - 0x0000021b7f083000 	C:\Users\Вячеслав\.openjfx\cache\19-ea+7\amd64\api-ms-win-crt-conio-l1-1-0.dll
0x0000021b7f090000 - 0x0000021b7f094000 	C:\Users\Вячеслав\.openjfx\cache\19-ea+7\amd64\api-ms-win-crt-convert-l1-1-0.dll
0x0000021b7f0a0000 - 0x0000021b7f0a3000 	C:\Users\Вячеслав\.openjfx\cache\19-ea+7\amd64\api-ms-win-crt-environment-l1-1-0.dll
0x0000021b7f0b0000 - 0x0000021b7f0b3000 	C:\Users\Вячеслав\.openjfx\cache\19-ea+7\amd64\api-ms-win-crt-filesystem-l1-1-0.dll
0x0000021b7f0c0000 - 0x0000021b7f0c3000 	C:\Users\Вячеслав\.openjfx\cache\19-ea+7\amd64\api-ms-win-crt-heap-l1-1-0.dll
0x0000021b7f0d0000 - 0x0000021b7f0d3000 	C:\Users\Вячеслав\.openjfx\cache\19-ea+7\amd64\api-ms-win-crt-locale-l1-1-0.dll
0x0000021b7f0e0000 - 0x0000021b7f0e5000 	C:\Users\Вячеслав\.openjfx\cache\19-ea+7\amd64\api-ms-win-crt-math-l1-1-0.dll
0x0000021b7f0f0000 - 0x0000021b7f0f5000 	C:\Users\Вячеслав\.openjfx\cache\19-ea+7\amd64\api-ms-win-crt-multibyte-l1-1-0.dll
0x0000021b7f100000 - 0x0000021b7f110000 	C:\Users\Вячеслав\.openjfx\cache\19-ea+7\amd64\api-ms-win-crt-private-l1-1-0.dll
0x0000021b7f110000 - 0x0000021b7f113000 	C:\Users\Вячеслав\.openjfx\cache\19-ea+7\amd64\api-ms-win-crt-process-l1-1-0.dll
0x0000021b7f120000 - 0x0000021b7f124000 	C:\Users\Вячеслав\.openjfx\cache\19-ea+7\amd64\api-ms-win-crt-runtime-l1-1-0.dll
0x0000021b7f130000 - 0x0000021b7f134000 	C:\Users\Вячеслав\.openjfx\cache\19-ea+7\amd64\api-ms-win-crt-stdio-l1-1-0.dll
0x0000021b7f140000 - 0x0000021b7f144000 	C:\Users\Вячеслав\.openjfx\cache\19-ea+7\amd64\api-ms-win-crt-string-l1-1-0.dll
0x0000021b7f150000 - 0x0000021b7f153000 	C:\Users\Вячеслав\.openjfx\cache\19-ea+7\amd64\api-ms-win-crt-time-l1-1-0.dll
0x0000021b7f160000 - 0x0000021b7f163000 	C:\Users\Вячеслав\.openjfx\cache\19-ea+7\amd64\api-ms-win-crt-utility-l1-1-0.dll
0x00007ffde2f40000 - 0x00007ffde303c000 	C:\Users\Вячеслав\.openjfx\cache\19-ea+7\amd64\ucrtbase.dll
0x00007ffdf9430000 - 0x00007ffdf944b000 	C:\Users\Вячеслав\.openjfx\cache\19-ea+7\amd64\vcruntime140.dll
0x00007ffdf9550000 - 0x00007ffdf955c000 	C:\Users\Вячеслав\.openjfx\cache\19-ea+7\amd64\vcruntime140_1.dll
0x00007ffde2eb0000 - 0x00007ffde2f3e000 	C:\Users\Вячеслав\.openjfx\cache\19-ea+7\amd64\msvcp140.dll
0x00007ffdf88d0000 - 0x00007ffdf88fc000 	C:\Users\Вячеслав\.openjfx\cache\19-ea+7\amd64\prism_d3d.dll
0x00007ffde2930000 - 0x00007ffde2afe000 	C:\WINDOWS\system32\d3d9.dll
0x00007ffe1c4a0000 - 0x00007ffe1c4cf000 	C:\WINDOWS\SYSTEM32\dwmapi.dll
0x00007ffe1c190000 - 0x00007ffe1c22e000 	C:\WINDOWS\system32\uxtheme.dll
0x00007ffde27c0000 - 0x00007ffde2925000 	C:\WINDOWS\System32\DriverStore\FileRepository\igdlh64.inf_amd64_e6daaea9afe1e6f6\igdumdim64.dll
0x00007ffe23970000 - 0x00007ffe23a9a000 	C:\WINDOWS\System32\ole32.dll
0x00007ffd9baa0000 - 0x00007ffda029d000 	C:\WINDOWS\System32\DriverStore\FileRepository\igdlh64.inf_amd64_e6daaea9afe1e6f6\igd9dxva64.dll
0x00007ffe23820000 - 0x00007ffe238ed000 	C:\WINDOWS\System32\OLEAUT32.dll
0x00007ffe22ff0000 - 0x00007ffe23458000 	C:\WINDOWS\System32\SETUPAPI.dll
0x00007ffe21e30000 - 0x00007ffe21e7e000 	C:\WINDOWS\System32\cfgmgr32.dll
0x00007ffe223f0000 - 0x00007ffe22417000 	C:\WINDOWS\System32\bcrypt.dll
0x00007ffe02070000 - 0x00007ffe022c7000 	C:\WINDOWS\System32\DriverStore\FileRepository\igdlh64.inf_amd64_e6daaea9afe1e6f6\igdgmm64.dll
0x00007ffdf8560000 - 0x00007ffdf85a2000 	C:\Users\Вячеслав\.openjfx\cache\19-ea+7\amd64\glass.dll
0x00007ffe24220000 - 0x00007ffe242fa000 	C:\WINDOWS\System32\COMDLG32.dll
0x00007ffdec510000 - 0x00007ffdec5e9000 	C:\Program Files\HP\HP ProtectTools Security Manager\Bin\DpoFeedb.dll
0x00007ffe21cc0000 - 0x00007ffe21cee000 	C:\WINDOWS\SYSTEM32\USERENV.dll
0x00007ffe23f50000 - 0x00007ffe24065000 	C:\WINDOWS\System32\MSCTF.dll
0x00007ffdde7c0000 - 0x00007ffdde7e7000 	C:\WINDOWS\System32\DriverStore\FileRepository\igdlh64.inf_amd64_e6daaea9afe1e6f6\igdinfo64.dll
0x00007ffdfdc40000 - 0x00007ffe00859000 	C:\WINDOWS\System32\DriverStore\FileRepository\igdlh64.inf_amd64_e6daaea9afe1e6f6\igc64.dll
0x00007ffe06020000 - 0x00007ffe0605b000 	C:\WINDOWS\SYSTEM32\dxcore.dll
0x00007ffdf90f0000 - 0x00007ffdf9104000 	C:\Users\Вячеслав\.openjfx\cache\19-ea+7\amd64\javafx_font.dll
0x00007ffe022d0000 - 0x00007ffe0254f000 	C:\WINDOWS\SYSTEM32\dwrite.dll
0x00007ffe24170000 - 0x00007ffe2421f000 	C:\WINDOWS\System32\clbcatq.dll
0x00007ffe02c10000 - 0x00007ffe02dc4000 	C:\WINDOWS\SYSTEM32\WindowsCodecs.dll
0x00007ffdee100000 - 0x00007ffdee13e000 	C:\WINDOWS\system32\dataexchange.dll
0x00007ffe1b3e0000 - 0x00007ffe1b5c3000 	C:\WINDOWS\system32\dcomp.dll
0x00007ffe1abb0000 - 0x00007ffe1ae13000 	C:\WINDOWS\system32\d3d11.dll
0x00007ffe1fcb0000 - 0x00007ffe1fda3000 	C:\WINDOWS\system32\dxgi.dll
0x00007ffe16350000 - 0x00007ffe16550000 	C:\WINDOWS\system32\twinapi.appcore.dll
0x00007ffde56a0000 - 0x00007ffde56d4000 	C:\Program Files\Common Files\Microsoft Shared\Ink\rtscom.dll
0x00007ffe04c20000 - 0x00007ffe04d19000 	C:\WINDOWS\SYSTEM32\textinputframework.dll
0x00007ffe1b950000 - 0x00007ffe1bcae000 	C:\WINDOWS\System32\CoreUIComponents.dll
0x00007ffe1bcb0000 - 0x00007ffe1bda2000 	C:\WINDOWS\System32\CoreMessaging.dll
0x00007ffe20ea0000 - 0x00007ffe20ed3000 	C:\WINDOWS\SYSTEM32\ntmarta.dll
0x00007ffe1a5f0000 - 0x00007ffe1a744000 	C:\WINDOWS\SYSTEM32\wintypes.dll
0x00007ffe21190000 - 0x00007ffe2125a000 	C:\WINDOWS\SYSTEM32\DNSAPI.dll
0x00007ffe21150000 - 0x00007ffe2118b000 	C:\WINDOWS\SYSTEM32\IPHLPAPI.DLL

dbghelp: loaded successfully - version: 4.0.5 - missing functions: none
symbol engine: initialized successfully - sym options: 0x614 - pdb path: .;C:\Users\Вячеслав\.jdks\openjdk-19.0.2\bin;C:\WINDOWS\SYSTEM32;C:\WINDOWS\WinSxS\amd64_microsoft.windows.common-controls_6595b64144ccf1df_6.0.19041.1110_none_60b5254171f9507e;C:\Users\Вячеслав\.jdks\openjdk-1;C:\Users\Вячеслав\.jdks\o;C:\Users\Вячеслав;C:\Users\Вяче;C:\Users\Вя;C:\Users\В;C:\Users\Вячеслав\.jdks\openjdk-19.0.2\bin\server;C:\Program Files\JetBrai;C:\Program Files\JetBrains\IntelliJ IDEA Community Edition 2022.2.1\bin;C:\Users\Вячеслав\.openjfx\cache\19-ea+7\amd64;C:\WINDOWS\System32\Driver;C:\WINDOWS\System32\DriverStore\FileRepository\igdlh64.inf_amd64_e6daaea9afe1e6f6;C;C;C:\Program Files\HP\HP ProtectTools Security Manager;C:\Program Files\HP\HP ProtectTools Security Manager

VM Arguments:
jvm_args: -javaagent:C:\Program Files\JetBrains\IntelliJ IDEA Community Edition 2022.2.1\lib\idea_rt.jar=55981:C:\Program Files\JetBrains\IntelliJ IDEA Community Edition 2022.2.1\bin -Dfile.encoding=UTF-8 -Dsun.stdout.encoding=UTF-8 -Dsun.stderr.encoding=UTF-8 --module-path=C:\Users\Вячеслав\.m2\repository\org\openjfx\javafx-fxml\19-ea+7\javafx-fxml-19-ea+7-win.jar;C:\Users\Вячеслав\demo1\target\classes;C:\Users\Вячеслав\.m2\repository\org\openjfx\javafx-base\19-ea+7\javafx-base-19-ea+7-win.jar;C:\Users\Вячеслав\Desktop\mysql-connector-j-8.0.32\mysql-connector-j-8.0.32.jar;C:\Users\Вячеслав\.m2\repository\org\openjfx\javafx-graphics\19-ea+7\javafx-graphics-19-ea+7-win.jar;C:\Users\Вячеслав\.m2\repository\org\openjfx\javafx-controls\19-ea+7\javafx-controls-19-ea+7-win.jar -Djdk.module.main=com.example.demo1 
java_command: com.example.demo1/com.example.demo1.HelloApplication
java_class_path (initial): C:\Users\Вячеслав\.m2\repository\org\openjfx\javafx-controls\19-ea+7\javafx-controls-19-ea+7.jar;C:\Users\Вячеслав\.m2\repository\org\openjfx\javafx-graphics\19-ea+7\javafx-graphics-19-ea+7.jar;C:\Users\Вячеслав\.m2\repository\org\openjfx\javafx-base\19-ea+7\javafx-base-19-ea+7.jar;C:\Users\Вячеслав\.m2\repository\org\openjfx\javafx-fxml\19-ea+7\javafx-fxml-19-ea+7.jar
Launcher Type: SUN_STANDARD

[Global flags]
     intx CICompilerCount                          = 4                                         {product} {ergonomic}
     uint ConcGCThreads                            = 2                                         {product} {ergonomic}
     uint G1ConcRefinementThreads                  = 8                                         {product} {ergonomic}
   size_t G1HeapRegionSize                         = 1048576                                   {product} {ergonomic}
    uintx GCDrainStackTargetSize                   = 64                                        {product} {ergonomic}
   size_t InitialHeapSize                          = 134217728                                 {product} {ergonomic}
   size_t MarkStackSize                            = 4194304                                   {product} {ergonomic}
   size_t MaxHeapSize                              = 2120220672                                {product} {ergonomic}
   size_t MaxNewSize                               = 1271922688                                {product} {ergonomic}
   size_t MinHeapDeltaBytes                        = 1048576                                   {product} {ergonomic}
   size_t MinHeapSize                              = 8388608                                   {product} {ergonomic}
    uintx NonNMethodCodeHeapSize                   = 5839372                                {pd product} {ergonomic}
    uintx NonProfiledCodeHeapSize                  = 122909434                              {pd product} {ergonomic}
    uintx ProfiledCodeHeapSize                     = 122909434                              {pd product} {ergonomic}
    uintx ReservedCodeCacheSize                    = 251658240                              {pd product} {ergonomic}
     bool SegmentedCodeCache                       = true                                      {product} {ergonomic}
   size_t SoftMaxHeapSize                          = 2120220672                             {manageable} {ergonomic}
     bool UseCompressedClassPointers               = true                           {product lp64_product} {ergonomic}
     bool UseCompressedOops                        = true                           {product lp64_product} {ergonomic}
     bool UseG1GC                                  = true                                      {product} {ergonomic}
     bool UseLargePagesIndividualAllocation        = false                                  {pd product} {ergonomic}

Logging:
Log output configuration:
 #0: stdout all=off uptime,level,tags foldmultilines=false
 #1: stderr all=off uptime,level,tags foldmultilines=false

Environment Variables:
JAVA_HOME=C:\Program Files\Java\jdk1.8.0_201\
PATH=C:\Program Files (x86)\Razer\ChromaBroadcast\bin;C:\Program Files\Razer\ChromaBroadcast\bin;C:\Program Files (x86)\Common Files\Oracle\Java\javapath;C:\WINDOWS\system32;C:\WINDOWS;C:\WINDOWS\System32\Wbem;C:\WINDOWS\System32\WindowsPowerShell\v1.0\;C:\WINDOWS\System32\OpenSSH\;C:\Program Files\Intel\WiFi\bin\;C:\Program Files\Common Files\Intel\WirelessCommon\;C:\WINDOWS\system32\config\systemprofile\AppData\Local\Microsoft\WindowsApps;C:\WINDOWS\system32;C:\WINDOWS;C:\WINDOWS\System32\Wbem;C:\WINDOWS\System32\WindowsPowerShell\v1.0\;C:\WINDOWS\System32\OpenSSH\;C:\Program Files (x86)\Intel\Intel(R) Management Engine Components\DAL;C:\Program Files\Intel\Intel(R) Management Engine Components\DAL;C:\Users\Вячеслав\scoop\apps\allure\2.18.1\bin;C:\Program Files\Git\cmd;C:\Program Files\dotnet\;C:\Windows\System32
USERNAME=Вячеслав
OS=Windows_NT
PROCESSOR_IDENTIFIER=Intel64 Family 6 Model 142 Stepping 10, GenuineIntel
TMP=C:\Users\2C82~1\AppData\Local\Temp
TEMP=C:\Users\2C82~1\AppData\Local\Temp



---------------  S Y S T E M  ---------------

OS:
 Windows 10 , 64 bit Build 19041 (10.0.19041.2364)
OS uptime: 1 days 20:05 hours
Hyper-V role detected

CPU: total 8 (initial active 8) (4 cores per cpu, 2 threads per core) family 6 model 142 stepping 10 microcode 0xec, cx8, cmov, fxsr, ht, mmx, 3dnowpref, sse, sse2, sse3, ssse3, sse4.1, sse4.2, popcnt, lzcnt, tsc, tscinvbit, avx, avx2, aes, erms, clmul, bmi1, bmi2, adx, fma, vzeroupper, clflush, clflushopt, hv, rdtscp

Memory: 4k page, system-wide physical 8083M (1308M free)
TotalPageFile size 16102M (AvailPageFile size 4131M)
current process WorkingSet (physical memory assigned to process): 145M, peak: 174M
current process commit charge ("private bytes"): 210M, peak: 294M

vm_info: OpenJDK 64-Bit Server VM (19.0.2+7-44) for windows-amd64 JRE (19.0.2+7-44), built on 2022-11-30T18:02:09Z by "mach5one" with MS VC++ 17.1 (VS2022)

END.
